<?xml version="1.0" encoding="UTF-8"?>
<!-- Generated by org.testng.reporters.JUnitXMLReporter -->
<testsuite ignored="6" hostname="DESKTOP-I7U672O" failures="0" tests="2" name="Test2" time="0.298" errors="0" timestamp="2023-01-18T11:38:00 IST">
  <testcase classname="practice_maven.SampleTest2" name="Test4" time="0.033"/>
  <testcase classname="practice_maven.SampleTest1" name="Test2" time="0.005"/>
  <testcase classname="practice_maven.SampleTest2" name="Test3" time="0.0">
    <ignored/>
  </testcase> <!-- Test3 -->
  <testcase classname="practice_maven.CreateTest" name="Create" time="0.0">
    <ignored/>
  </testcase> <!-- Create -->
  <testcase classname="practice_maven.CreateTest" name="edit" time="0.0">
    <ignored/>
  </testcase> <!-- edit -->
  <testcase classname="practice_maven.UpdateTest" name="deleted" time="0.0">
    <ignored/>
  </testcase> <!-- deleted -->
  <testcase classname="practice_maven.UpdateTest" name="update" time="0.0">
    <ignored/>
  </testcase> <!-- update -->
  <testcase classname="practice_maven.SampleTest1" name="Test1" time="0.0">
    <ignored/>
  </testcase> <!-- Test1 -->
</testsuite> <!-- Test2 -->
