<?xml version="1.0" encoding="UTF-8"?>
<!-- Generated by org.testng.reporters.JUnitXMLReporter -->
<testsuite ignored="0" hostname="DESKTOP-I7U672O" failures="0" tests="7" name="practice_maven" time="0.365" errors="0" timestamp="2023-01-18T12:52:02 IST">
  <testcase classname="practice_maven.CreateTest" name="Create" time="0.022"/>
  <testcase classname="practice_maven.CreateTest" name="edit" time="0.009"/>
  <testcase classname="practice_maven.SampleTest1" name="createTest" time="0.009"/>
  <testcase classname="practice_maven.SampleTest2" name="Test3" time="0.011"/>
  <testcase classname="practice_maven.SampleTest2" name="Test4" time="0.007"/>
  <testcase classname="practice_maven.UpdateTest" name="deleted" time="0.009"/>
  <testcase classname="practice_maven.UpdateTest" name="update" time="0.009"/>
</testsuite> <!-- practice_maven -->
